AH00112: Warning: DocumentRoot [/var/www/html/project/public/] does not exist
AH00558: apache2: Could not reliably determine the server's fully qualified domain name, using 172.19.0.3. Set the 'ServerName' directive globally to suppress this message
[Tue Dec 07 23:04:54.979966 2021] [mpm_prefork:notice] [pid 1] AH00163: Apache/2.4.51 (Debian) OpenSSL/1.1.1k configured -- resuming normal operations
[Tue Dec 07 23:04:54.980032 2021] [core:notice] [pid 1] AH00094: Command line: 'apache2 -D FOREGROUND'
[Tue Dec 07 23:10:19.648884 2021] [mpm_prefork:notice] [pid 1] AH00170: caught SIGWINCH, shutting down gracefully
AH00112: Warning: DocumentRoot [/var/www/html/project/public/] does not exist
AH00558: apache2: Could not reliably determine the server's fully qualified domain name, using 172.19.0.4. Set the 'ServerName' directive globally to suppress this message
[Tue Dec 07 23:12:01.037516 2021] [mpm_prefork:notice] [pid 1] AH00163: Apache/2.4.51 (Debian) OpenSSL/1.1.1k configured -- resuming normal operations
[Tue Dec 07 23:12:01.037592 2021] [core:notice] [pid 1] AH00094: Command line: 'apache2 -D FOREGROUND'
[Tue Dec 07 23:15:26.783379 2021] [mpm_prefork:notice] [pid 1] AH00170: caught SIGWINCH, shutting down gracefully
AH00112: Warning: DocumentRoot [/var/www/html/project/public/] does not exist
AH00558: apache2: Could not reliably determine the server's fully qualified domain name, using 172.18.0.2. Set the 'ServerName' directive globally to suppress this message
[Tue Dec 07 23:15:34.971171 2021] [mpm_prefork:notice] [pid 1] AH00163: Apache/2.4.51 (Debian) OpenSSL/1.1.1k configured -- resuming normal operations
[Tue Dec 07 23:15:34.971279 2021] [core:notice] [pid 1] AH00094: Command line: 'apache2 -D FOREGROUND'
[Tue Dec 07 23:22:37.249281 2021] [mpm_prefork:notice] [pid 1] AH00170: caught SIGWINCH, shutting down gracefully
AH00112: Warning: DocumentRoot [/var/www/html/project/public/] does not exist
AH00558: apache2: Could not reliably determine the server's fully qualified domain name, using 172.20.0.2. Set the 'ServerName' directive globally to suppress this message
[Tue Dec 07 23:25:20.283423 2021] [mpm_prefork:notice] [pid 1] AH00163: Apache/2.4.51 (Debian) OpenSSL/1.1.1k configured -- resuming normal operations
[Tue Dec 07 23:25:20.283476 2021] [core:notice] [pid 1] AH00094: Command line: 'apache2 -D FOREGROUND'
[Tue Dec 07 23:31:14.501312 2021] [mpm_prefork:notice] [pid 1] AH00170: caught SIGWINCH, shutting down gracefully
AH00112: Warning: DocumentRoot [/var/www/html/project/public/] does not exist
AH00558: apache2: Could not reliably determine the server's fully qualified domain name, using 172.21.0.3. Set the 'ServerName' directive globally to suppress this message
[Tue Dec 07 23:31:38.060598 2021] [mpm_prefork:notice] [pid 1] AH00163: Apache/2.4.51 (Debian) OpenSSL/1.1.1k configured -- resuming normal operations
[Tue Dec 07 23:31:38.060649 2021] [core:notice] [pid 1] AH00094: Command line: 'apache2 -D FOREGROUND'
[Tue Dec 07 23:35:59.875557 2021] [mpm_prefork:notice] [pid 1] AH00170: caught SIGWINCH, shutting down gracefully
AH00558: apache2: Could not reliably determine the server's fully qualified domain name, using 172.22.0.3. Set the 'ServerName' directive globally to suppress this message
[Tue Dec 07 23:36:07.040665 2021] [mpm_prefork:notice] [pid 1] AH00163: Apache/2.4.51 (Debian) OpenSSL/1.1.1k configured -- resuming normal operations
[Tue Dec 07 23:36:07.040729 2021] [core:notice] [pid 1] AH00094: Command line: 'apache2 -D FOREGROUND'
[Tue Dec 07 23:52:18.328791 2021] [mpm_prefork:notice] [pid 1] AH00170: caught SIGWINCH, shutting down gracefully
AH00112: Warning: DocumentRoot [/var/www/html/src/public/] does not exist
AH00558: apache2: Could not reliably determine the server's fully qualified domain name, using 172.18.0.4. Set the 'ServerName' directive globally to suppress this message
[Wed Dec 08 20:32:32.558100 2021] [mpm_prefork:notice] [pid 1] AH00163: Apache/2.4.51 (Debian) OpenSSL/1.1.1k configured -- resuming normal operations
[Wed Dec 08 20:32:32.558160 2021] [core:notice] [pid 1] AH00094: Command line: 'apache2 -D FOREGROUND'
[Wed Dec 08 20:32:33.512686 2021] [mpm_prefork:notice] [pid 1] AH00170: caught SIGWINCH, shutting down gracefully
AH00112: Warning: DocumentRoot [/var/www/html/src/public/] does not exist
AH00558: apache2: Could not reliably determine the server's fully qualified domain name, using 172.18.0.2. Set the 'ServerName' directive globally to suppress this message
[Wed Dec 08 20:32:44.712429 2021] [mpm_prefork:notice] [pid 1] AH00163: Apache/2.4.51 (Debian) OpenSSL/1.1.1k configured -- resuming normal operations
[Wed Dec 08 20:32:44.712483 2021] [core:notice] [pid 1] AH00094: Command line: 'apache2 -D FOREGROUND'
